2025-10-10 00:12:02,639 [INFO] Démarrage de l'exécution multi-seeds : [42, 103, 1000]

2025-10-10 00:12:02,639 [INFO] --- Début du run avec seed 42 ---
2025-10-10 00:12:02,641 [INFO] Génération de l'exogenous dataset
2025-10-10 00:12:02,641 [INFO] Chargement des données...
2025-10-10 00:12:03,090 [INFO] Recherche automatique du d optimal avec différentiation fractionnaire...
2025-10-10 00:12:22,494 [INFO] d sélectionné : 0.5 (p-value = 0.0000)
2025-10-10 00:12:31,473 [INFO] ADF après FFD: Stat=-50.3413, p-value=0.0000
2025-10-10 00:12:31,475 [INFO] Stats frac_diff: Moy=-0.000093, Méd=-0.000285, %Pos=45.59%
2025-10-10 00:12:31,653 [INFO] Calcul des indicateurs techniques...
2025-10-10 00:13:21,974 [INFO] Nettoyage des données...
2025-10-10 00:13:22,256 [INFO] Colonnes supprimées à cause d'une corrélation > 0.95 (hors OHLC) : ['log_price', 'sma_50', 'sma_200', 'ema_20', 'ema_100', 'rsi_dist_oversold', 'rsi_dist_overbought', 'bb_upper', 'bb_lower', 'williams_r', 'kama', 'vwap']
2025-10-10 00:13:22,264 [INFO] Features du modèle conservées (train split)
2025-10-10 00:13:22,264 [INFO] Data et features processées
2025-10-10 00:13:22,266 [INFO] d déjà défini dans le config : 0.5
2025-10-10 00:13:24,140 [INFO] ADF après FFD: Stat=-26.4869, p-value=0.0000
2025-10-10 00:13:24,141 [INFO] Stats frac_diff: Moy=-0.000230, Méd=0.000045, %Pos=47.75%
2025-10-10 00:13:24,180 [INFO] Calcul des indicateurs techniques...
2025-10-10 00:13:34,981 [INFO] Nettoyage des données...
2025-10-10 00:13:34,987 [INFO] Colonnes supprimées pour split val : ['log_price', 'sma_50', 'sma_200', 'ema_20', 'ema_100', 'rsi_dist_oversold', 'rsi_dist_overbought', 'bb_upper', 'bb_lower', 'williams_r', 'kama', 'vwap']
2025-10-10 00:13:34,987 [INFO] Data et features processées
2025-10-10 00:13:34,989 [INFO] d déjà défini dans le config : 0.5
2025-10-10 00:13:37,021 [INFO] ADF après FFD: Stat=-29.7612, p-value=0.0000
2025-10-10 00:13:37,022 [INFO] Stats frac_diff: Moy=0.000067, Méd=-0.000034, %Pos=45.96%
2025-10-10 00:13:37,053 [INFO] Calcul des indicateurs techniques...
2025-10-10 00:13:47,977 [INFO] Nettoyage des données...
2025-10-10 00:13:47,983 [INFO] Colonnes supprimées pour split test : ['log_price', 'sma_50', 'sma_200', 'ema_20', 'ema_100', 'rsi_dist_oversold', 'rsi_dist_overbought', 'bb_upper', 'bb_lower', 'williams_r', 'kama', 'vwap']
2025-10-10 00:13:47,983 [INFO] Data et features processées
2025-10-10 00:14:26,105 [INFO] Fenêtre sélectionnée (seed=42) : 4. Sauvegardée dans C:\Users\Emile\PycharmProjects\algo-trading-3\exogenous_model\model\checkpoints\prediction_window_seed_42.txt et config.
2025-10-10 00:14:26,106 [DEBUG] Détails sélection fenêtre: {'entropy': np.float64(1.0974274916385847), 'dist': {0.0: 0.349591064726903, 2.0: 0.33910976211480093, 1.0: 0.3112991731582961}, 'n_samples': 66881}
2025-10-10 00:14:26,106 [INFO] Utilisation de PREDICTION_WINDOW=4 pour les labels du jeu train.
2025-10-10 00:14:33,505 [INFO] Distribution des labels (train):
label
0.0    34.96
2.0    33.91
1.0    31.13
2025-10-10 00:14:33,505 [INFO] Nombre total d'échantillons: 66885
2025-10-10 00:14:33,510 [INFO] Utilisation de PREDICTION_WINDOW=4 pour les labels du jeu val.
2025-10-10 00:14:35,056 [INFO] Distribution des labels (val):
label
0.0    54.96
2.0    24.49
1.0    20.54
2025-10-10 00:14:35,056 [INFO] Nombre total d'échantillons: 13735
2025-10-10 00:14:35,057 [INFO] Utilisation de PREDICTION_WINDOW=4 pour les labels du jeu test.
2025-10-10 00:14:36,585 [INFO] Distribution des labels (test):
label
0.0    70.37
1.0    16.85
2.0    12.78
2025-10-10 00:14:36,585 [INFO] Nombre total d'échantillons: 13981
2025-10-10 00:14:39,847 [INFO] Données brutes test sauvegardées sous: C:\Users\Emile\PycharmProjects\algo-trading-3\exogenous_model\dataset\splits\seed_42\df_test_processed.csv
2025-10-10 00:14:39,849 [INFO] Taille train: 66885, val: 13735, test: 13981
2025-10-10 00:14:39,851 [INFO] Entraînement du modèle principal
2025-10-10 00:14:39,851 [INFO] === Début de l'entraînement avec seed 42 ===
2025-10-10 00:14:39,853 [DEBUG] Seeds PyTorch et NumPy initialisés
2025-10-10 00:14:39,853 [DEBUG] Racine du projet: C:\Users\Emile\PycharmProjects\algo-trading-3
2025-10-10 00:14:39,853 [INFO] Chargement des données d'entraînement, validation et test...
2025-10-10 00:14:40,531 [INFO] Données chargées - Train: 66885 | Val: 13735 | Test: 13981
2025-10-10 00:14:40,531 [DEBUG] Colonnes features: ['open', 'high', 'low', 'close', 'volume', 'frac_diff', 'rsi', 'rsi_signal', 'bb_dist_upper', 'bb_dist_lower', 'bb_width', 'above_sma_50', 'above_sma_200', 'sma_50_vs_200', 'macd', 'macd_diff', 'stoch_k', 'stoch_d', 'obv', 'price_diff_1', 'price_diff_2', 'autocorr_return_1', 'autocorr_return_5', 'autocorr_price_5', 'atr', 'adx', 'cci', 'roc', 'vix']
2025-10-10 00:14:40,531 [INFO] Normalisation des données avec StandardScaler...
2025-10-10 00:14:40,612 [INFO] Normalisation terminée
2025-10-10 00:14:40,613 [INFO] Création des séquences (longueur: 200)...
2025-10-10 00:14:40,613 [ERROR] Erreur lors du traitement du seed 42: 'window'
Traceback (most recent call last):
  File "C:\Users\Emile\PycharmProjects\algo-trading-3\run_multi_seed.py", line 47, in run_multi_seed
    model_path, scaler_path = train_and_save_model(seed=seed, logger=logger)
  File "C:\Users\Emile\PycharmProjects\algo-trading-3\exogenous_model\train\train_model.py", line 163, in train_and_save_model
    PREDICTION_WINDOW = config['label']['window']
KeyError: 'window'
2025-10-10 00:14:40,617 [INFO] --- Début du run avec seed 103 ---
2025-10-10 00:14:40,619 [INFO] Génération de l'exogenous dataset
2025-10-10 00:14:40,619 [INFO] Chargement des données...
2025-10-10 00:14:41,041 [INFO] d déjà défini dans le config : 0.5
2025-10-10 00:14:50,230 [INFO] ADF après FFD: Stat=-50.3413, p-value=0.0000
2025-10-10 00:14:50,232 [INFO] Stats frac_diff: Moy=-0.000093, Méd=-0.000285, %Pos=45.59%
2025-10-10 00:14:50,430 [INFO] Calcul des indicateurs techniques...
2025-10-10 00:15:41,152 [INFO] Nettoyage des données...
2025-10-10 00:15:41,396 [INFO] Colonnes supprimées à cause d'une corrélation > 0.95 (hors OHLC) : ['log_price', 'sma_50', 'sma_200', 'ema_20', 'ema_100', 'rsi_dist_oversold', 'rsi_dist_overbought', 'bb_upper', 'bb_lower', 'williams_r', 'kama', 'vwap']
2025-10-10 00:15:41,403 [INFO] Features du modèle conservées (train split)
2025-10-10 00:15:41,404 [INFO] Data et features processées
2025-10-10 00:15:41,406 [INFO] d déjà défini dans le config : 0.5
