2025-10-09 15:23:06,288 [INFO] Démarrage de l'exécution multi-seeds : [42]

2025-10-09 15:23:06,288 [INFO] --- Début du run avec seed 42 ---
2025-10-09 15:23:06,291 [INFO] Génération de l'exogenous dataset
2025-10-09 15:23:06,291 [INFO] Chargement des données...
2025-10-09 15:23:06,806 [INFO] d déjà défini dans le config : 0.5
2025-10-09 15:23:15,825 [INFO] ADF après FFD: Stat=-50.3413, p-value=0.0000
2025-10-09 15:23:15,827 [INFO] Stats frac_diff: Moy=-0.000093, Méd=-0.000285, %Pos=45.59%
2025-10-09 15:23:15,902 [INFO] Calcul des indicateurs techniques...
2025-10-09 15:24:06,524 [INFO] Nettoyage des données...
2025-10-09 15:24:06,754 [INFO] Colonnes supprimées à cause d'une corrélation > 0.95 (hors OHLC) : ['log_price', 'sma_50', 'sma_200', 'ema_20', 'ema_100', 'rsi_dist_oversold', 'rsi_dist_overbought', 'bb_upper', 'bb_lower', 'williams_r', 'kama', 'vwap']
2025-10-09 15:24:06,761 [INFO] Features du modèle conservées (train split)
2025-10-09 15:24:06,761 [INFO] Data et features processées
2025-10-09 15:24:06,764 [INFO] d déjà défini dans le config : 0.5
2025-10-09 15:24:08,572 [INFO] ADF après FFD: Stat=-26.4869, p-value=0.0000
2025-10-09 15:24:08,573 [INFO] Stats frac_diff: Moy=-0.000230, Méd=0.000045, %Pos=47.75%
2025-10-09 15:24:08,608 [INFO] Calcul des indicateurs techniques...
2025-10-09 15:24:19,276 [INFO] Nettoyage des données...
2025-10-09 15:24:19,290 [INFO] Colonnes supprimées pour split val : ['log_price', 'sma_50', 'sma_200', 'ema_20', 'ema_100', 'rsi_dist_oversold', 'rsi_dist_overbought', 'bb_upper', 'bb_lower', 'williams_r', 'kama', 'vwap']
2025-10-09 15:24:19,291 [INFO] Data et features processées
2025-10-09 15:24:19,293 [INFO] d déjà défini dans le config : 0.5
2025-10-09 15:24:21,228 [INFO] ADF après FFD: Stat=-29.7612, p-value=0.0000
2025-10-09 15:24:21,229 [INFO] Stats frac_diff: Moy=0.000067, Méd=-0.000034, %Pos=45.96%
2025-10-09 15:24:21,273 [INFO] Calcul des indicateurs techniques...
2025-10-09 15:24:32,529 [INFO] Nettoyage des données...
2025-10-09 15:24:32,534 [INFO] Colonnes supprimées pour split test : ['log_price', 'sma_50', 'sma_200', 'ema_20', 'ema_100', 'rsi_dist_oversold', 'rsi_dist_overbought', 'bb_upper', 'bb_lower', 'williams_r', 'kama', 'vwap']
2025-10-09 15:24:32,534 [INFO] Data et features processées
2025-10-09 15:25:11,808 [INFO] Fenêtre sélectionnée (seed=42) : 4. Sauvegardée dans C:\Users\Emile\PycharmProjects\algo-trading-3\exogenous_model\model\checkpoints\prediction_window_seed_42.txt et config.
2025-10-09 15:25:11,809 [DEBUG] Détails sélection fenêtre: {'entropy': np.float64(1.0974274916385847), 'dist': {0.0: 0.349591064726903, 2.0: 0.33910976211480093, 1.0: 0.3112991731582961}, 'n_samples': 66881}
2025-10-09 15:25:11,809 [INFO] Utilisation de PREDICTION_WINDOW=4 pour les labels du jeu train.
2025-10-09 15:25:19,299 [INFO] Distribution des labels (train):
label
0.0    34.96
2.0    33.91
1.0    31.13
2025-10-09 15:25:19,299 [INFO] Nombre total d'échantillons: 66885
2025-10-09 15:25:19,304 [INFO] Utilisation de PREDICTION_WINDOW=4 pour les labels du jeu val.
2025-10-09 15:25:20,855 [INFO] Distribution des labels (val):
label
0.0    54.96
2.0    24.49
1.0    20.54
2025-10-09 15:25:20,855 [INFO] Nombre total d'échantillons: 13735
2025-10-09 15:25:20,856 [INFO] Utilisation de PREDICTION_WINDOW=4 pour les labels du jeu test.
2025-10-09 15:25:22,437 [INFO] Distribution des labels (test):
label
0.0    70.37
1.0    16.85
2.0    12.78
2025-10-09 15:25:22,438 [INFO] Nombre total d'échantillons: 13981
2025-10-09 15:25:25,506 [INFO] Données brutes test sauvegardées sous: C:\Users\Emile\PycharmProjects\algo-trading-3\exogenous_model\dataset\splits\seed_42\df_test_processed.csv
2025-10-09 15:25:25,508 [INFO] Taille train: 66885, val: 13735, test: 13981
2025-10-09 15:25:25,510 [INFO] Entraînement du modèle principal
2025-10-09 15:25:25,510 [INFO] === Début de l'entraînement avec seed 42 ===
2025-10-09 15:25:25,511 [DEBUG] Seeds PyTorch et NumPy initialisés
2025-10-09 15:25:25,511 [DEBUG] Racine du projet: C:\Users\Emile\PycharmProjects\algo-trading-3
2025-10-09 15:25:25,511 [INFO] Chargement des données d'entraînement, validation et test...
2025-10-09 15:25:26,097 [INFO] Données chargées - Train: 66885 | Val: 13735 | Test: 13981
2025-10-09 15:25:26,097 [DEBUG] Colonnes features: ['open', 'high', 'low', 'close', 'volume', 'frac_diff', 'rsi', 'rsi_signal', 'bb_dist_upper', 'bb_dist_lower', 'bb_width', 'above_sma_50', 'above_sma_200', 'sma_50_vs_200', 'macd', 'macd_diff', 'stoch_k', 'stoch_d', 'obv', 'price_diff_1', 'price_diff_2', 'autocorr_return_1', 'autocorr_return_5', 'autocorr_price_5', 'atr', 'adx', 'cci', 'roc', 'vix']
2025-10-09 15:25:26,097 [INFO] Normalisation des données avec StandardScaler...
2025-10-09 15:25:26,174 [INFO] Normalisation terminée
2025-10-09 15:25:26,175 [INFO] Création des séquences (longueur: 200)...
2025-10-09 15:27:15,370 [INFO] Séquences créées - X_train: (66685, 200, 29) | X_val: (13535, 200, 29) | X_test: (13781, 200, 29)
2025-10-09 15:27:15,370 [INFO] Sauvegarde des séquences dans C:\Users\Emile\PycharmProjects\algo-trading-3\exogenous_model\dataset\splits\seed_42...
2025-10-09 15:27:39,416 [INFO] Sauvegarde des séquences terminée
2025-10-09 15:27:39,416 [INFO] Préparation des DataLoaders (batch_size=64)...
2025-10-09 15:27:39,946 [INFO] DataLoaders créés - Train batches: 1042 | Val batches: 212
2025-10-09 15:27:40,030 [ERROR] Erreur lors du traitement du seed 42: Expected one of cpu, cuda, ipu, xpu, mkldnn, opengl, opencl, ideep, hip, ve, fpga, maia, xla, lazy, vulkan, mps, meta, hpu, mtia, privateuseone device type at start of device string: GPU
Traceback (most recent call last):
  File "C:\Users\Emile\PycharmProjects\algo-trading-3\run_multi_seed.py", line 47, in run_multi_seed
    model_path, scaler_path = train_and_save_model(seed=seed, logger=logger)
  File "C:\Users\Emile\PycharmProjects\algo-trading-3\exogenous_model\train\train_model.py", line 174, in train_and_save_model
    device = torch.device("GPU" if torch.cuda.is_available() else "CPU")
RuntimeError: Expected one of cpu, cuda, ipu, xpu, mkldnn, opengl, opencl, ideep, hip, ve, fpga, maia, xla, lazy, vulkan, mps, meta, hpu, mtia, privateuseone device type at start of device string: GPU
2025-10-09 15:27:40,562 [INFO] Moyenne des scores sur tous les seeds :
2025-10-09 15:27:40,562 [INFO] Series([], dtype: float64)
2025-10-09 15:27:40,562 [INFO] Écart-type des scores :
2025-10-09 15:27:40,563 [INFO] Series([], dtype: float64)
